[04-Apr-2018 06:29:44 UTC] PHP Fatal error:  Class 'PluginTestCase' not found in /home/ajatelgiktkhk/public_html/plugins/octo/timeline/tests/PostTest.php on line 6
[04-Apr-2018 06:33:18 UTC] PHP Fatal error:  Class 'PluginTestCase' not found in /home/ajatelgiktkhk/public_html/plugins/octo/timeline/tests/PostTest.php on line 6
[04-Apr-2018 06:34:42 UTC] PHP Fatal error:  Class 'PluginTestCase' not found in /home/ajatelgiktkhk/public_html/plugins/octo/timeline/tests/PluginTestCase.php on line 6
[04-Apr-2018 06:35:26 UTC] PHP Fatal error:  Class 'PluginTestCase' not found in /home/ajatelgiktkhk/public_html/plugins/octo/timeline/tests/PluginTestCase.php on line 6
[04-Apr-2018 06:35:35 UTC] PHP Fatal error:  Class 'PluginTestCase' not found in /home/ajatelgiktkhk/public_html/plugins/octo/timeline/tests/PluginTestCase.php on line 6
[04-Apr-2018 06:35:52 UTC] PHP Fatal error:  Class 'PluginTestCase' not found in /home/ajatelgiktkhk/public_html/plugins/octo/timeline/tests/PluginTestCase.php on line 6
[04-Apr-2018 06:35:54 UTC] PHP Fatal error:  Class 'PluginTestCase' not found in /home/ajatelgiktkhk/public_html/plugins/octo/timeline/tests/PluginTestCase.php on line 6
[04-Apr-2018 07:04:38 UTC] PHP Fatal error:  Class 'PluginTestCase' not found in /home/ajatelgiktkhk/public_html/plugins/octo/timeline/tests/PluginTestCase.php on line 6
[04-Apr-2018 07:05:07 UTC] PHP Parse error:  syntax error, unexpected '(', expecting '{' in /home/ajatelgiktkhk/public_html/plugins/octo/timeline/tests/PostTest.php on line 5
[04-Apr-2018 07:05:19 UTC] PHP Fatal error:  Uncaught PHPUnit\Runner\Exception: Class 'plugins/octo/timeline/tests/PostTest' could not be found in '/home/ajatelgiktkhk/public_html/plugins/octo/timeline/tests/PostTest.php'. in /home/ajatelgiktkhk/public_html/vendor/phpunit/phpunit/src/Runner/StandardTestSuiteLoader.php:102
Stack trace:
#0 /home/ajatelgiktkhk/public_html/vendor/phpunit/phpunit/src/Runner/BaseTestRunner.php(130): PHPUnit\Runner\StandardTestSuiteLoader->load('plugins/octo/ti...', '/home/ajatelgik...')
#1 /home/ajatelgiktkhk/public_html/vendor/phpunit/phpunit/src/Runner/BaseTestRunner.php(73): PHPUnit\Runner\BaseTestRunner->loadSuiteClass('plugins/octo/ti...', '/home/ajatelgik...')
#2 /home/ajatelgiktkhk/public_html/vendor/phpunit/phpunit/src/TextUI/Command.php(169): PHPUnit\Runner\BaseTestRunner->getTest('plugins/octo/ti...', '/home/ajatelgik...', Array)
#3 /home/ajatelgiktkhk/public_html/vendor/phpunit/phpunit/src/TextUI/Command.php(148): PHPUnit\TextUI\Command->run(Array, true)
#4 /home/ajatelgiktkhk/public_html/vendor/phpunit/phpunit/php in /home/ajatelgiktkhk/public_html/vendor/phpunit/phpunit/src/Runner/StandardTestSuiteLoader.php on line 102
[04-Apr-2018 07:06:23 UTC] PHP Fatal error:  Uncaught PHPUnit\Runner\Exception: Class 'plugins/octo/timeline/tests/PostTest' could not be found in '/home/ajatelgiktkhk/public_html/plugins/octo/timeline/tests/PostTest.php'. in /home/ajatelgiktkhk/public_html/vendor/phpunit/phpunit/src/Runner/StandardTestSuiteLoader.php:102
Stack trace:
#0 /home/ajatelgiktkhk/public_html/vendor/phpunit/phpunit/src/Runner/BaseTestRunner.php(130): PHPUnit\Runner\StandardTestSuiteLoader->load('plugins/octo/ti...', '/home/ajatelgik...')
#1 /home/ajatelgiktkhk/public_html/vendor/phpunit/phpunit/src/Runner/BaseTestRunner.php(73): PHPUnit\Runner\BaseTestRunner->loadSuiteClass('plugins/octo/ti...', '/home/ajatelgik...')
#2 /home/ajatelgiktkhk/public_html/vendor/phpunit/phpunit/src/TextUI/Command.php(169): PHPUnit\Runner\BaseTestRunner->getTest('plugins/octo/ti...', '/home/ajatelgik...', Array)
#3 /home/ajatelgiktkhk/public_html/vendor/phpunit/phpunit/src/TextUI/Command.php(148): PHPUnit\TextUI\Command->run(Array, true)
#4 /home/ajatelgiktkhk/public_html/vendor/phpunit/phpunit/php in /home/ajatelgiktkhk/public_html/vendor/phpunit/phpunit/src/Runner/StandardTestSuiteLoader.php on line 102
[04-Apr-2018 07:06:52 UTC] PHP Fatal error:  Class 'PluginTestCase' not found in /home/ajatelgiktkhk/public_html/plugins/octo/timeline/tests/PostTest.php on line 6
[04-Apr-2018 07:25:13 UTC] PHP Fatal error:  Class 'PluginTestCase' not found in /home/ajatelgiktkhk/public_html/plugins/rainlab/blog/tests/models/PostTest.php on line 6
[04-Apr-2018 07:26:06 UTC] PHP Fatal error:  Class 'Acme\Blog\Tests\Models\PluginTestCase' not found in /home/ajatelgiktkhk/public_html/plugins/rainlab/blog/tests/models/PostTest.php on line 6
[04-Apr-2018 07:26:15 UTC] PHP Fatal error:  Class 'Acme\Blog\Tests\Models\PluginTestCase' not found in /home/ajatelgiktkhk/public_html/plugins/rainlab/blog/tests/models/PostTest.php on line 6
[04-Apr-2018 07:26:33 UTC] PHP Fatal error:  Class 'TestCase' not found in /home/ajatelgiktkhk/public_html/plugins/rainlab/blog/tests/models/PostTest.php on line 6
[04-Apr-2018 08:07:01 UTC] PHP Fatal error:  Class 'TestCase' not found in /home/ajatelgiktkhk/public_html/vendor/october/rain/tests/Translation/TranslatorTest.php on line 7
[04-Apr-2018 08:07:55 UTC] PHP Parse error:  syntax error, unexpected '.', expecting identifier (T_STRING) or function (T_FUNCTION) or const (T_CONST) or \\ (T_NS_SEPARATOR) in /home/ajatelgiktkhk/public_html/vendor/october/rain/tests/Translation/TranslatorTest.php on line 7
[04-Apr-2018 08:08:18 UTC] PHP Parse error:  syntax error, unexpected '.', expecting identifier (T_STRING) or function (T_FUNCTION) or const (T_CONST) or \\ (T_NS_SEPARATOR) in /home/ajatelgiktkhk/public_html/vendor/october/rain/tests/Translation/TranslatorTest.php on line 7
[04-Apr-2018 08:08:49 UTC] PHP Warning:  The use statement with non-compound name 'TestCase' has no effect in /home/ajatelgiktkhk/public_html/vendor/october/rain/tests/Translation/TranslatorTest.php on line 7
[04-Apr-2018 08:08:49 UTC] PHP Fatal error:  Class 'TestCase' not found in /home/ajatelgiktkhk/public_html/vendor/october/rain/tests/Translation/TranslatorTest.php on line 9
[04-Apr-2018 08:09:18 UTC] PHP Parse error:  syntax error, unexpected '.', expecting identifier (T_STRING) or function (T_FUNCTION) or const (T_CONST) or \\ (T_NS_SEPARATOR) in /home/ajatelgiktkhk/public_html/vendor/october/rain/tests/Translation/TranslatorTest.php on line 7
[04-Apr-2018 08:10:18 UTC] PHP Parse error:  syntax error, unexpected '/', expecting ',' or ';' in /home/ajatelgiktkhk/public_html/vendor/october/rain/tests/Translation/TranslatorTest.php on line 7
[04-Apr-2018 08:10:29 UTC] PHP Parse error:  syntax error, unexpected '/', expecting ',' or ';' in /home/ajatelgiktkhk/public_html/vendor/october/rain/tests/Translation/TranslatorTest.php on line 7
[04-Apr-2018 08:10:52 UTC] PHP Fatal error:  Class 'vendor\october\rain\tests\TestCase' not found in /home/ajatelgiktkhk/public_html/vendor/october/rain/tests/Translation/TranslatorTest.php on line 9
[04-Apr-2018 08:27:11 UTC] PHP Fatal error:  Class 'Octo\Timeline\Tests\TestCase' not found in /home/ajatelgiktkhk/public_html/vendor/october/rain/tests/EventTest.php on line 6
[04-Apr-2018 08:37:47 UTC] PHP Fatal error:  Class 'TestCase' not found in /home/ajatelgiktkhk/public_html/plugins/rainlab/blog/tests/models/PostTest.php on line 6
[04-Apr-2018 08:39:10 UTC] PHP Fatal error:  Class 'PluginTestCase' not found in /home/ajatelgiktkhk/public_html/plugins/rainlab/blog/tests/models/PostTest.php on line 6
[04-Apr-2018 08:45:24 UTC] PHP Fatal error:  Class 'PluginTestCase' not found in /home/ajatelgiktkhk/public_html/plugins/rainlab/blog/tests/models/PostTest.php on line 6
[04-Apr-2018 09:07:50 UTC] PHP Fatal error:  Class 'TestCase' not found in /home/ajatelgiktkhk/public_html/vendor/october/rain/tests/Translation/TranslatorTest.php on line 7
[09-Apr-2018 06:48:06 UTC] PHP Fatal error:  Uncaught PHPUnit\Runner\Exception: Class 'plugins/octo/timeline/tests/PostTest' could not be found in '/home/ajatelgiktkhk/public_html/plugins/octo/timeline/tests/PostTest.php'. in /home/ajatelgiktkhk/public_html/vendor/phpunit/phpunit/src/Runner/StandardTestSuiteLoader.php:102
Stack trace:
#0 /home/ajatelgiktkhk/public_html/vendor/phpunit/phpunit/src/Runner/BaseTestRunner.php(130): PHPUnit\Runner\StandardTestSuiteLoader->load('plugins/octo/ti...', '/home/ajatelgik...')
#1 /home/ajatelgiktkhk/public_html/vendor/phpunit/phpunit/src/Runner/BaseTestRunner.php(73): PHPUnit\Runner\BaseTestRunner->loadSuiteClass('plugins/octo/ti...', '/home/ajatelgik...')
#2 /home/ajatelgiktkhk/public_html/vendor/phpunit/phpunit/src/TextUI/Command.php(169): PHPUnit\Runner\BaseTestRunner->getTest('plugins/octo/ti...', '/home/ajatelgik...', Array)
#3 /home/ajatelgiktkhk/public_html/vendor/phpunit/phpunit/src/TextUI/Command.php(148): PHPUnit\TextUI\Command->run(Array, true)
#4 /home/ajatelgiktkhk/public_html/vendor/phpunit/phpunit/php in /home/ajatelgiktkhk/public_html/vendor/phpunit/phpunit/src/Runner/StandardTestSuiteLoader.php on line 102
[09-Apr-2018 06:50:23 UTC] PHP Fatal error:  Class 'Octo\Timeline\Models\Entries' not found in /home/ajatelgiktkhk/public_html/plugins/octo/timeline/tests/PostTest.php on line 5
[09-Apr-2018 06:54:08 UTC] PHP Fatal error:  Class 'Octo\Timeline\Models\Entries' not found in /home/ajatelgiktkhk/public_html/plugins/octo/timeline/tests/PostTest.php on line 6
[09-Apr-2018 06:56:01 UTC] PHP Parse error:  syntax error, unexpected 'class' (T_CLASS), expecting ',' or ';' in /home/ajatelgiktkhk/public_html/plugins/octo/timeline/tests/PostTest.php on line 6
[09-Apr-2018 06:58:30 UTC] PHP Fatal error:  Class 'Octo\Timeline\Components\Entries' not found in /home/ajatelgiktkhk/public_html/plugins/octo/timeline/tests/PostTest.php on line 6
[09-Apr-2018 06:58:39 UTC] PHP Fatal error:  Class 'Octo\Timeline\Components\Entries' not found in /home/ajatelgiktkhk/public_html/plugins/octo/timeline/tests/PostTest.php on line 6
[09-Apr-2018 07:05:26 UTC] PHP Fatal error:  Uncaught PHPUnit\Runner\Exception: Class 'plugins/octo/timeline/tests/PostTest' could not be found in '/home/ajatelgiktkhk/public_html/plugins/octo/timeline/tests/PostTest.php'. in /home/ajatelgiktkhk/public_html/vendor/phpunit/phpunit/src/Runner/StandardTestSuiteLoader.php:102
Stack trace:
#0 /home/ajatelgiktkhk/public_html/vendor/phpunit/phpunit/src/Runner/BaseTestRunner.php(130): PHPUnit\Runner\StandardTestSuiteLoader->load('plugins/octo/ti...', '/home/ajatelgik...')
#1 /home/ajatelgiktkhk/public_html/vendor/phpunit/phpunit/src/Runner/BaseTestRunner.php(73): PHPUnit\Runner\BaseTestRunner->loadSuiteClass('plugins/octo/ti...', '/home/ajatelgik...')
#2 /home/ajatelgiktkhk/public_html/vendor/phpunit/phpunit/src/TextUI/Command.php(169): PHPUnit\Runner\BaseTestRunner->getTest('plugins/octo/ti...', '/home/ajatelgik...', Array)
#3 /home/ajatelgiktkhk/public_html/vendor/phpunit/phpunit/src/TextUI/Command.php(148): PHPUnit\TextUI\Command->run(Array, true)
#4 /home/ajatelgiktkhk/public_html/vendor/phpunit/phpunit/php in /home/ajatelgiktkhk/public_html/vendor/phpunit/phpunit/src/Runner/StandardTestSuiteLoader.php on line 102
[09-Apr-2018 07:05:44 UTC] PHP Fatal error:  Uncaught PHPUnit\Runner\Exception: Class 'plugins/octo/timeline/tests/PostTest' could not be found in '/home/ajatelgiktkhk/public_html/plugins/octo/timeline/tests/PostTest.php'. in /home/ajatelgiktkhk/public_html/vendor/phpunit/phpunit/src/Runner/StandardTestSuiteLoader.php:102
Stack trace:
#0 /home/ajatelgiktkhk/public_html/vendor/phpunit/phpunit/src/Runner/BaseTestRunner.php(130): PHPUnit\Runner\StandardTestSuiteLoader->load('plugins/octo/ti...', '/home/ajatelgik...')
#1 /home/ajatelgiktkhk/public_html/vendor/phpunit/phpunit/src/Runner/BaseTestRunner.php(73): PHPUnit\Runner\BaseTestRunner->loadSuiteClass('plugins/octo/ti...', '/home/ajatelgik...')
#2 /home/ajatelgiktkhk/public_html/vendor/phpunit/phpunit/src/TextUI/Command.php(169): PHPUnit\Runner\BaseTestRunner->getTest('plugins/octo/ti...', '/home/ajatelgik...', Array)
#3 /home/ajatelgiktkhk/public_html/vendor/phpunit/phpunit/src/TextUI/Command.php(148): PHPUnit\TextUI\Command->run(Array, true)
#4 /home/ajatelgiktkhk/public_html/vendor/phpunit/phpunit/php in /home/ajatelgiktkhk/public_html/vendor/phpunit/phpunit/src/Runner/StandardTestSuiteLoader.php on line 102
[09-Apr-2018 07:06:01 UTC] PHP Fatal error:  Uncaught PHPUnit\Runner\Exception: Class 'plugins/octo/timeline/tests/PostTest' could not be found in '/home/ajatelgiktkhk/public_html/plugins/octo/timeline/tests/PostTest.php'. in /home/ajatelgiktkhk/public_html/vendor/phpunit/phpunit/src/Runner/StandardTestSuiteLoader.php:102
Stack trace:
#0 /home/ajatelgiktkhk/public_html/vendor/phpunit/phpunit/src/Runner/BaseTestRunner.php(130): PHPUnit\Runner\StandardTestSuiteLoader->load('plugins/octo/ti...', '/home/ajatelgik...')
#1 /home/ajatelgiktkhk/public_html/vendor/phpunit/phpunit/src/Runner/BaseTestRunner.php(73): PHPUnit\Runner\BaseTestRunner->loadSuiteClass('plugins/octo/ti...', '/home/ajatelgik...')
#2 /home/ajatelgiktkhk/public_html/vendor/phpunit/phpunit/src/TextUI/Command.php(169): PHPUnit\Runner\BaseTestRunner->getTest('plugins/octo/ti...', '/home/ajatelgik...', Array)
#3 /home/ajatelgiktkhk/public_html/vendor/phpunit/phpunit/src/TextUI/Command.php(148): PHPUnit\TextUI\Command->run(Array, true)
#4 /home/ajatelgiktkhk/public_html/vendor/phpunit/phpunit/php in /home/ajatelgiktkhk/public_html/vendor/phpunit/phpunit/src/Runner/StandardTestSuiteLoader.php on line 102
[09-Apr-2018 07:07:47 UTC] PHP Parse error:  syntax error, unexpected '\' (T_NS_SEPARATOR), expecting ')' in /home/ajatelgiktkhk/public_html/plugins/octo/timeline/tests/PostTest.php on line 7
